<?xml version="1.0" encoding="UTF-8"?>
<robot generator="Robot 6.0.1 (Python 3.11.1 on win32)" generated="20230103 01:52:58.815" rpa="false" schemaversion="3">
<suite id="s1" name="RobotFrameworkGalaFurniture" source="C:\Asoftware\RobotFrameworkGalaFurniture">
<suite id="s1-s1" name="Rf Proje-Main" source="C:\Asoftware\RobotFrameworkGalaFurniture\rf_proje-main">
<suite id="s1-s1-s1" name="Tests" source="C:\Asoftware\RobotFrameworkGalaFurniture\rf_proje-main\Tests">
<suite id="s1-s1-s1-s1" name="GalaFurniture" source="C:\Asoftware\RobotFrameworkGalaFurniture\rf_proje-main\Tests\GalaFurniture.robot">
<test id="s1-s1-s1-s1-t1" name="make list of desks whose price is less than 400$" line="57">
<kw name="Open Browser" library="SeleniumLibrary" type="SETUP">
<arg>${URL}</arg>
<arg>${BROWSER}</arg>
<doc>Opens a new browser instance to the optional ``url``.</doc>
<msg timestamp="20230103 01:52:59.965" level="INFO">Opening browser 'chrome' to base url 'https://www.galafurn.com'.</msg>
<status status="PASS" starttime="20230103 01:52:59.963" endtime="20230103 01:53:07.329"/>
</kw>
<kw name="Click Desk inside the home office" library="HomePage">
<kw name="Mouse Over" library="SeleniumLibrary">
<arg>${HomeLocator}</arg>
<doc>Simulates hovering the mouse over the element ``locator``.</doc>
<msg timestamp="20230103 01:53:07.335" level="INFO">Simulating Mouse Over on element '(//div[@class='header-menu__summary-container'])[6]'.</msg>
<status status="PASS" starttime="20230103 01:53:07.333" endtime="20230103 01:53:07.664"/>
</kw>
<status status="PASS" starttime="20230103 01:53:07.331" endtime="20230103 01:53:07.665"/>
</kw>
<kw name="desk sayfasinda olduğunu onayla" library="CategoryPage">
<kw name="Click Link" library="SeleniumLibrary">
<arg>${DeskLocator}</arg>
<doc>Clicks a link identified by ``locator``.</doc>
<msg timestamp="20230103 01:53:07.668" level="INFO">Clicking link '(//a[@href='/collections/desk'])[2]'.</msg>
<status status="PASS" starttime="20230103 01:53:07.667" endtime="20230103 01:53:08.568"/>
</kw>
<kw name="Get Location" library="SeleniumLibrary">
<var>${actualURL}</var>
<doc>Returns the current browser window URL.</doc>
<msg timestamp="20230103 01:53:08.573" level="INFO">${actualURL} = https://www.galafurn.com/collections/desk</msg>
<status status="PASS" starttime="20230103 01:53:08.568" endtime="20230103 01:53:08.574"/>
</kw>
<kw name="Should Contain" library="BuiltIn">
<arg>${actualURL}</arg>
<arg>desk</arg>
<doc>Fails if ``container`` does not contain ``item`` one or more times.</doc>
<status status="PASS" starttime="20230103 01:53:08.574" endtime="20230103 01:53:08.576"/>
</kw>
<status status="PASS" starttime="20230103 01:53:07.666" endtime="20230103 01:53:08.577"/>
</kw>
<kw name="Fiyat araligi belirle" library="CategoryPage">
<kw name="Click Element" library="SeleniumLibrary">
<arg>${priceSekmesi}</arg>
<doc>Click the element identified by ``locator``.</doc>
<msg timestamp="20230103 01:53:08.581" level="INFO">Clicking element '(//span[@class='filter-group-summary__label'])[3]'.</msg>
<status status="PASS" starttime="20230103 01:53:08.579" endtime="20230103 01:53:08.656"/>
</kw>
<kw name="Input Text" library="SeleniumLibrary">
<arg>${maxFiyatInput}</arg>
<arg>400</arg>
<doc>Types the given ``text`` into the text field identified by ``locator``.</doc>
<msg timestamp="20230103 01:53:08.659" level="INFO">Typing text '400' into text field '//input[@name='filter.v.price.lte']'.</msg>
<status status="PASS" starttime="20230103 01:53:08.657" endtime="20230103 01:53:08.929"/>
</kw>
<status status="PASS" starttime="20230103 01:53:08.578" endtime="20230103 01:53:08.929"/>
</kw>
<kw name="Urunlerin fiyatlarini konsola yaz" library="CategoryPage">
<kw name="Get WebElements" library="SeleniumLibrary">
<var>@{urunListesi}</var>
<arg>${urunFiyatlariLocator}</arg>
<doc>Returns a list of WebElement objects matching the ``locator``.</doc>
<msg timestamp="20230103 01:53:08.950" level="INFO">@{urunListesi} = [ &lt;selenium.webdriver.remote.webelement.WebElement (session="644f526363a4e34c3822e995aedfb2f5", element="eeaea012-e00b-4669-8e1a-d6cb5bb6f592")&gt; | &lt;selenium.webdriver.remote.webelement.WebElement (ses...</msg>
<status status="PASS" starttime="20230103 01:53:08.931" endtime="20230103 01:53:08.951"/>
</kw>
<for flavor="IN">
<var>${urun}</var>
<value>@{urunListesi}</value>
<iter>
<var name="${urun}">&lt;selenium.webdriver.remote.webelement.WebElement (session="644f526363a4e34c3822e995aedfb2f5", element="eeaea012-e00b-4669-8e1a-d6cb5bb6f592")&gt;</var>
<kw name="Get Text" library="SeleniumLibrary">
<var>${urunText}</var>
<arg>${urun}</arg>
<doc>Returns the text value of the element identified by ``locator``.</doc>
<msg timestamp="20230103 01:53:08.976" level="INFO">${urunText} = $375.75</msg>
<status status="PASS" starttime="20230103 01:53:08.952" endtime="20230103 01:53:08.977"/>
</kw>
<kw name="Log To Console" library="BuiltIn">
<arg>${urunText}</arg>
<doc>Logs the given message to the console.</doc>
<status status="PASS" starttime="20230103 01:53:08.978" endtime="20230103 01:53:08.985"/>
</kw>
<status status="PASS" starttime="20230103 01:53:08.952" endtime="20230103 01:53:08.986"/>
</iter>
<iter>
<var name="${urun}">&lt;selenium.webdriver.remote.webelement.WebElement (session="644f526363a4e34c3822e995aedfb2f5", element="f1bc7404-b96f-484b-a787-4e96a17ff267")&gt;</var>
<kw name="Get Text" library="SeleniumLibrary">
<var>${urunText}</var>
<arg>${urun}</arg>
<doc>Returns the text value of the element identified by ``locator``.</doc>
<msg timestamp="20230103 01:53:09.019" level="INFO">${urunText} = $375.75</msg>
<status status="PASS" starttime="20230103 01:53:08.987" endtime="20230103 01:53:09.019"/>
</kw>
<kw name="Log To Console" library="BuiltIn">
<arg>${urunText}</arg>
<doc>Logs the given message to the console.</doc>
<status status="PASS" starttime="20230103 01:53:09.020" endtime="20230103 01:53:09.024"/>
</kw>
<status status="PASS" starttime="20230103 01:53:08.986" endtime="20230103 01:53:09.024"/>
</iter>
<iter>
<var name="${urun}">&lt;selenium.webdriver.remote.webelement.WebElement (session="644f526363a4e34c3822e995aedfb2f5", element="811c1ce4-222a-4126-8a87-374a42050b93")&gt;</var>
<kw name="Get Text" library="SeleniumLibrary">
<var>${urunText}</var>
<arg>${urun}</arg>
<doc>Returns the text value of the element identified by ``locator``.</doc>
<msg timestamp="20230103 01:53:09.048" level="INFO">${urunText} = $398.25</msg>
<status status="PASS" starttime="20230103 01:53:09.026" endtime="20230103 01:53:09.048"/>
</kw>
<kw name="Log To Console" library="BuiltIn">
<arg>${urunText}</arg>
<doc>Logs the given message to the console.</doc>
<status status="PASS" starttime="20230103 01:53:09.049" endtime="20230103 01:53:09.051"/>
</kw>
<status status="PASS" starttime="20230103 01:53:09.025" endtime="20230103 01:53:09.051"/>
</iter>
<iter>
<var name="${urun}">&lt;selenium.webdriver.remote.webelement.WebElement (session="644f526363a4e34c3822e995aedfb2f5", element="20072566-d26a-47bc-81af-49722652c7d5")&gt;</var>
<kw name="Get Text" library="SeleniumLibrary">
<var>${urunText}</var>
<arg>${urun}</arg>
<doc>Returns the text value of the element identified by ``locator``.</doc>
<msg timestamp="20230103 01:53:09.072" level="INFO">${urunText} = $398.25</msg>
<status status="PASS" starttime="20230103 01:53:09.052" endtime="20230103 01:53:09.073"/>
</kw>
<kw name="Log To Console" library="BuiltIn">
<arg>${urunText}</arg>
<doc>Logs the given message to the console.</doc>
<status status="PASS" starttime="20230103 01:53:09.073" endtime="20230103 01:53:09.075"/>
</kw>
<status status="PASS" starttime="20230103 01:53:09.051" endtime="20230103 01:53:09.076"/>
</iter>
<iter>
<var name="${urun}">&lt;selenium.webdriver.remote.webelement.WebElement (session="644f526363a4e34c3822e995aedfb2f5", element="2f2d454b-a1b0-48ea-963e-aa1919769d33")&gt;</var>
<kw name="Get Text" library="SeleniumLibrary">
<var>${urunText}</var>
<arg>${urun}</arg>
<doc>Returns the text value of the element identified by ``locator``.</doc>
<msg timestamp="20230103 01:53:09.095" level="INFO">${urunText} = $398.25</msg>
<status status="PASS" starttime="20230103 01:53:09.077" endtime="20230103 01:53:09.096"/>
</kw>
<kw name="Log To Console" library="BuiltIn">
<arg>${urunText}</arg>
<doc>Logs the given message to the console.</doc>
<status status="PASS" starttime="20230103 01:53:09.096" endtime="20230103 01:53:09.098"/>
</kw>
<status status="PASS" starttime="20230103 01:53:09.076" endtime="20230103 01:53:09.099"/>
</iter>
<iter>
<var name="${urun}">&lt;selenium.webdriver.remote.webelement.WebElement (session="644f526363a4e34c3822e995aedfb2f5", element="07bd6801-f67f-4278-ad07-422f3cc038ea")&gt;</var>
<kw name="Get Text" library="SeleniumLibrary">
<var>${urunText}</var>
<arg>${urun}</arg>
<doc>Returns the text value of the element identified by ``locator``.</doc>
<msg timestamp="20230103 01:53:09.120" level="INFO">${urunText} = $528.75</msg>
<status status="PASS" starttime="20230103 01:53:09.100" endtime="20230103 01:53:09.121"/>
</kw>
<kw name="Log To Console" library="BuiltIn">
<arg>${urunText}</arg>
<doc>Logs the given message to the console.</doc>
<status status="PASS" starttime="20230103 01:53:09.122" endtime="20230103 01:53:09.124"/>
</kw>
<status status="PASS" starttime="20230103 01:53:09.099" endtime="20230103 01:53:09.125"/>
</iter>
<iter>
<var name="${urun}">&lt;selenium.webdriver.remote.webelement.WebElement (session="644f526363a4e34c3822e995aedfb2f5", element="41287dc7-6158-453d-80a1-8fc8363a4807")&gt;</var>
<kw name="Get Text" library="SeleniumLibrary">
<var>${urunText}</var>
<arg>${urun}</arg>
<doc>Returns the text value of the element identified by ``locator``.</doc>
<msg timestamp="20230103 01:53:09.147" level="INFO">${urunText} = $596.25</msg>
<status status="PASS" starttime="20230103 01:53:09.126" endtime="20230103 01:53:09.148"/>
</kw>
<kw name="Log To Console" library="BuiltIn">
<arg>${urunText}</arg>
<doc>Logs the given message to the console.</doc>
<status status="PASS" starttime="20230103 01:53:09.148" endtime="20230103 01:53:09.150"/>
</kw>
<status status="PASS" starttime="20230103 01:53:09.125" endtime="20230103 01:53:09.150"/>
</iter>
<iter>
<var name="${urun}">&lt;selenium.webdriver.remote.webelement.WebElement (session="644f526363a4e34c3822e995aedfb2f5", element="dbbe814c-81f6-4b92-bdb1-9fdc9ced30cd")&gt;</var>
<kw name="Get Text" library="SeleniumLibrary">
<var>${urunText}</var>
<arg>${urun}</arg>
<doc>Returns the text value of the element identified by ``locator``.</doc>
<msg timestamp="20230103 01:53:09.170" level="INFO">${urunText} = $528.75</msg>
<status status="PASS" starttime="20230103 01:53:09.151" endtime="20230103 01:53:09.171"/>
</kw>
<kw name="Log To Console" library="BuiltIn">
<arg>${urunText}</arg>
<doc>Logs the given message to the console.</doc>
<status status="PASS" starttime="20230103 01:53:09.171" endtime="20230103 01:53:09.172"/>
</kw>
<status status="PASS" starttime="20230103 01:53:09.150" endtime="20230103 01:53:09.173"/>
</iter>
<iter>
<var name="${urun}">&lt;selenium.webdriver.remote.webelement.WebElement (session="644f526363a4e34c3822e995aedfb2f5", element="070ea1ee-126e-41fd-ae66-3998b9b885e8")&gt;</var>
<kw name="Get Text" library="SeleniumLibrary">
<var>${urunText}</var>
<arg>${urun}</arg>
<doc>Returns the text value of the element identified by ``locator``.</doc>
<msg timestamp="20230103 01:53:09.193" level="INFO">${urunText} = $528.75</msg>
<status status="PASS" starttime="20230103 01:53:09.174" endtime="20230103 01:53:09.194"/>
</kw>
<kw name="Log To Console" library="BuiltIn">
<arg>${urunText}</arg>
<doc>Logs the given message to the console.</doc>
<status status="PASS" starttime="20230103 01:53:09.195" endtime="20230103 01:53:09.197"/>
</kw>
<status status="PASS" starttime="20230103 01:53:09.173" endtime="20230103 01:53:09.197"/>
</iter>
<iter>
<var name="${urun}">&lt;selenium.webdriver.remote.webelement.WebElement (session="644f526363a4e34c3822e995aedfb2f5", element="ac9edf36-d5e0-4fb0-ad84-2a4decee3693")&gt;</var>
<kw name="Get Text" library="SeleniumLibrary">
<var>${urunText}</var>
<arg>${urun}</arg>
<doc>Returns the text value of the element identified by ``locator``.</doc>
<msg timestamp="20230103 01:53:09.218" level="INFO">${urunText} = $618.75</msg>
<status status="PASS" starttime="20230103 01:53:09.198" endtime="20230103 01:53:09.218"/>
</kw>
<kw name="Log To Console" library="BuiltIn">
<arg>${urunText}</arg>
<doc>Logs the given message to the console.</doc>
<status status="PASS" starttime="20230103 01:53:09.219" endtime="20230103 01:53:09.220"/>
</kw>
<status status="PASS" starttime="20230103 01:53:09.197" endtime="20230103 01:53:09.220"/>
</iter>
<iter>
<var name="${urun}">&lt;selenium.webdriver.remote.webelement.WebElement (session="644f526363a4e34c3822e995aedfb2f5", element="dada6635-c8cf-4186-a399-f118c81ad457")&gt;</var>
<kw name="Get Text" library="SeleniumLibrary">
<var>${urunText}</var>
<arg>${urun}</arg>
<doc>Returns the text value of the element identified by ``locator``.</doc>
<msg timestamp="20230103 01:53:09.241" level="INFO">${urunText} = $1,347.75</msg>
<status status="PASS" starttime="20230103 01:53:09.221" endtime="20230103 01:53:09.242"/>
</kw>
<kw name="Log To Console" library="BuiltIn">
<arg>${urunText}</arg>
<doc>Logs the given message to the console.</doc>
<status status="PASS" starttime="20230103 01:53:09.242" endtime="20230103 01:53:09.244"/>
</kw>
<status status="PASS" starttime="20230103 01:53:09.221" endtime="20230103 01:53:09.245"/>
</iter>
<iter>
<var name="${urun}">&lt;selenium.webdriver.remote.webelement.WebElement (session="644f526363a4e34c3822e995aedfb2f5", element="03c9c5b2-fbc8-4d83-b918-9c72ebe89562")&gt;</var>
<kw name="Get Text" library="SeleniumLibrary">
<var>${urunText}</var>
<arg>${urun}</arg>
<doc>Returns the text value of the element identified by ``locator``.</doc>
<msg timestamp="20230103 01:53:09.265" level="INFO">${urunText} = $677.25</msg>
<status status="PASS" starttime="20230103 01:53:09.246" endtime="20230103 01:53:09.266"/>
</kw>
<kw name="Log To Console" library="BuiltIn">
<arg>${urunText}</arg>
<doc>Logs the given message to the console.</doc>
<status status="PASS" starttime="20230103 01:53:09.267" endtime="20230103 01:53:09.268"/>
</kw>
<status status="PASS" starttime="20230103 01:53:09.245" endtime="20230103 01:53:09.268"/>
</iter>
<iter>
<var name="${urun}">&lt;selenium.webdriver.remote.webelement.WebElement (session="644f526363a4e34c3822e995aedfb2f5", element="25f40b8f-df83-4cff-bf01-08752e94e528")&gt;</var>
<kw name="Get Text" library="SeleniumLibrary">
<var>${urunText}</var>
<arg>${urun}</arg>
<doc>Returns the text value of the element identified by ``locator``.</doc>
<msg timestamp="20230103 01:53:09.289" level="INFO">${urunText} = $677.25</msg>
<status status="PASS" starttime="20230103 01:53:09.270" endtime="20230103 01:53:09.289"/>
</kw>
<kw name="Log To Console" library="BuiltIn">
<arg>${urunText}</arg>
<doc>Logs the given message to the console.</doc>
<status status="PASS" starttime="20230103 01:53:09.290" endtime="20230103 01:53:09.291"/>
</kw>
<status status="PASS" starttime="20230103 01:53:09.269" endtime="20230103 01:53:09.291"/>
</iter>
<iter>
<var name="${urun}">&lt;selenium.webdriver.remote.webelement.WebElement (session="644f526363a4e34c3822e995aedfb2f5", element="38d41ce1-44bd-4c66-8965-003fdc81b98b")&gt;</var>
<kw name="Get Text" library="SeleniumLibrary">
<var>${urunText}</var>
<arg>${urun}</arg>
<doc>Returns the text value of the element identified by ``locator``.</doc>
<msg timestamp="20230103 01:53:09.312" level="INFO">${urunText} = $677.25</msg>
<status status="PASS" starttime="20230103 01:53:09.292" endtime="20230103 01:53:09.313"/>
</kw>
<kw name="Log To Console" library="BuiltIn">
<arg>${urunText}</arg>
<doc>Logs the given message to the console.</doc>
<status status="PASS" starttime="20230103 01:53:09.313" endtime="20230103 01:53:09.315"/>
</kw>
<status status="PASS" starttime="20230103 01:53:09.292" endtime="20230103 01:53:09.315"/>
</iter>
<iter>
<var name="${urun}">&lt;selenium.webdriver.remote.webelement.WebElement (session="644f526363a4e34c3822e995aedfb2f5", element="87eb53ed-baec-4d9e-9488-450778e3cb8e")&gt;</var>
<kw name="Get Text" library="SeleniumLibrary">
<var>${urunText}</var>
<arg>${urun}</arg>
<doc>Returns the text value of the element identified by ``locator``.</doc>
<msg timestamp="20230103 01:53:09.336" level="INFO">${urunText} = </msg>
<status status="PASS" starttime="20230103 01:53:09.317" endtime="20230103 01:53:09.337"/>
</kw>
<kw name="Log To Console" library="BuiltIn">
<arg>${urunText}</arg>
<doc>Logs the given message to the console.</doc>
<status status="PASS" starttime="20230103 01:53:09.337" endtime="20230103 01:53:09.339"/>
</kw>
<status status="PASS" starttime="20230103 01:53:09.316" endtime="20230103 01:53:09.340"/>
</iter>
<status status="PASS" starttime="20230103 01:53:08.951" endtime="20230103 01:53:09.340"/>
</for>
<status status="PASS" starttime="20230103 01:53:08.930" endtime="20230103 01:53:09.340"/>
</kw>
<kw name="Close Browser" library="SeleniumLibrary" type="TEARDOWN">
<doc>Closes the current browser.</doc>
<status status="PASS" starttime="20230103 01:53:09.342" endtime="20230103 01:53:11.568"/>
</kw>
<status status="PASS" starttime="20230103 01:52:59.959" endtime="20230103 01:53:11.570"/>
</test>
<doc>GALA FURNITURE projesi</doc>
<status status="PASS" starttime="20230103 01:52:58.883" endtime="20230103 01:53:11.578"/>
</suite>
<status status="PASS" starttime="20230103 01:52:58.877" endtime="20230103 01:53:11.589"/>
</suite>
<status status="PASS" starttime="20230103 01:52:58.872" endtime="20230103 01:53:11.599"/>
</suite>
<status status="PASS" starttime="20230103 01:52:58.824" endtime="20230103 01:53:11.608"/>
</suite>
<statistics>
<total>
<stat pass="1" fail="0" skip="0">All Tests</stat>
</total>
<tag>
</tag>
<suite>
<stat pass="1" fail="0" skip="0" id="s1" name="RobotFrameworkGalaFurniture">RobotFrameworkGalaFurniture</stat>
<stat pass="1" fail="0" skip="0" id="s1-s1" name="Rf Proje-Main">RobotFrameworkGalaFurniture.Rf Proje-Main</stat>
<stat pass="1" fail="0" skip="0" id="s1-s1-s1" name="Tests">RobotFrameworkGalaFurniture.Rf Proje-Main.Tests</stat>
<stat pass="1" fail="0" skip="0" id="s1-s1-s1-s1" name="GalaFurniture">RobotFrameworkGalaFurniture.Rf Proje-Main.Tests.GalaFurniture</stat>
</suite>
</statistics>
<errors>
</errors>
</robot>
