<?xml version="1.0" encoding="UTF-8"?>
<robot generator="Robot 6.0.1 (Python 3.11.1 on win32)" generated="20230105 02:13:00.549" rpa="false" schemaversion="3">
<suite id="s1" name="RobotFrameworkGalaFurniture" source="C:\Asoftware\RobotFrameworkGalaFurniture">
<suite id="s1-s1" name="Rf Proje-Main" source="C:\Asoftware\RobotFrameworkGalaFurniture\rf_proje-main">
<suite id="s1-s1-s1" name="Tests" source="C:\Asoftware\RobotFrameworkGalaFurniture\rf_proje-main\Tests">
<suite id="s1-s1-s1-s1" name="GalaFurniture" source="C:\Asoftware\RobotFrameworkGalaFurniture\rf_proje-main\Tests\GalaFurniture.robot">
<test id="s1-s1-s1-s1-t1" name="Adresin dogrulu kontrol" line="81">
<kw name="Open Browser" library="SeleniumLibrary" type="SETUP">
<arg>${URL}</arg>
<arg>${BROWSER}</arg>
<doc>Opens a new browser instance to the optional ``url``.</doc>
<msg timestamp="20230105 02:13:01.739" level="INFO">Opening browser 'chrome' to base url 'https://www.galafurn.com'.</msg>
<status status="PASS" starttime="20230105 02:13:01.736" endtime="20230105 02:13:08.856"/>
</kw>
<kw name="Sayfanin en altina git" library="HomePage">
<kw name="Execute Javascript" library="SeleniumLibrary">
<arg>window.scrollTo(0,10000)</arg>
<doc>Executes the given JavaScript code with possible arguments.</doc>
<msg timestamp="20230105 02:13:08.865" level="INFO">Executing JavaScript:
window.scrollTo(0,10000)
Without any arguments.</msg>
<status status="PASS" starttime="20230105 02:13:08.863" endtime="20230105 02:13:08.874"/>
</kw>
<status status="PASS" starttime="20230105 02:13:08.861" endtime="20230105 02:13:08.874"/>
</kw>
<kw name="Adrese tikla" library="HomePage">
<kw name="Click Link" library="SeleniumLibrary">
<arg>${adres}</arg>
<doc>Clicks a link identified by ``locator``.</doc>
<msg timestamp="20230105 02:13:08.877" level="INFO">Clicking link '//a[text()='11818 Harry Hines Blvd #216, Farmer Branch, TX 75234']'.</msg>
<status status="PASS" starttime="20230105 02:13:08.876" endtime="20230105 02:13:18.584"/>
</kw>
<kw name="Sleep" library="BuiltIn">
<arg>2</arg>
<doc>Pauses the test executed for the given time.</doc>
<msg timestamp="20230105 02:13:20.586" level="INFO">Slept 2 seconds</msg>
<status status="PASS" starttime="20230105 02:13:18.584" endtime="20230105 02:13:20.586"/>
</kw>
<status status="PASS" starttime="20230105 02:13:08.875" endtime="20230105 02:13:20.587"/>
</kw>
<kw name="Acilan sayfanin google maps oldugunu kontrol et" library="HomePage">
<kw name="Run Keyword And Return Status" library="BuiltIn">
<var>${sonucBool}</var>
<arg>Element Should Be Visible</arg>
<arg>${googleCookieBtn}</arg>
<doc>Runs the given keyword with given arguments and returns the status as a Boolean value.</doc>
<kw name="Element Should Be Visible" library="SeleniumLibrary">
<arg>${googleCookieBtn}</arg>
<doc>Verifies that the element identified by ``locator`` is visible.</doc>
<msg timestamp="20230105 02:13:20.829" level="INFO" html="true">&lt;/td&gt;&lt;/tr&gt;&lt;tr&gt;&lt;td colspan="3"&gt;&lt;a href="selenium-screenshot-1.png"&gt;&lt;img src="selenium-screenshot-1.png" width="800px"&gt;&lt;/a&gt;</msg>
<msg timestamp="20230105 02:13:20.829" level="FAIL">Element with locator '(//button[@class='VfPpkd-LgbsSe VfPpkd-LgbsSe-OWXEXe-k8QpJ VfPpkd-LgbsSe-OWXEXe-dgl2Hf nCP5yc AjY5Oe DuMIQc LQeN7 Nc7WLe'])[2]' not found.</msg>
<status status="FAIL" starttime="20230105 02:13:20.592" endtime="20230105 02:13:20.868"/>
</kw>
<msg timestamp="20230105 02:13:20.868" level="INFO">${sonucBool} = False</msg>
<status status="PASS" starttime="20230105 02:13:20.590" endtime="20230105 02:13:20.868"/>
</kw>
<kw name="Run Keyword If" library="BuiltIn">
<arg>${sonucBool}</arg>
<arg>Click Button</arg>
<arg>${googleCookieBtn}</arg>
<doc>Runs the given keyword with the given arguments, if ``condition`` is true.</doc>
<status status="PASS" starttime="20230105 02:13:20.869" endtime="20230105 02:13:20.869"/>
</kw>
<kw name="Get Location" library="SeleniumLibrary">
<var>${googleURL}</var>
<doc>Returns the current browser window URL.</doc>
<msg timestamp="20230105 02:13:20.880" level="INFO">${googleURL} = https://www.google.com/maps/place/Gala+Furniture/@32.9063645,-96.8928619,15z/data=!4m5!3m4!1s0x0:0xfcc7a4601446088f!8m2!3d32.9095681!4d-96.8939209</msg>
<status status="PASS" starttime="20230105 02:13:20.870" endtime="20230105 02:13:20.881"/>
</kw>
<kw name="Should Contain" library="BuiltIn">
<arg>${googleURL}</arg>
<arg>google</arg>
<doc>Fails if ``container`` does not contain ``item`` one or more times.</doc>
<status status="PASS" starttime="20230105 02:13:20.881" endtime="20230105 02:13:20.883"/>
</kw>
<status status="PASS" starttime="20230105 02:13:20.588" endtime="20230105 02:13:20.883"/>
</kw>
<kw name="Close Browser" library="SeleniumLibrary" type="TEARDOWN">
<doc>Closes the current browser.</doc>
<status status="PASS" starttime="20230105 02:13:20.888" endtime="20230105 02:13:23.255"/>
</kw>
<status status="PASS" starttime="20230105 02:13:01.731" endtime="20230105 02:13:23.256"/>
</test>
<doc>GALA FURNITURE projesi</doc>
<status status="PASS" starttime="20230105 02:13:00.634" endtime="20230105 02:13:23.264"/>
</suite>
<status status="PASS" starttime="20230105 02:13:00.626" endtime="20230105 02:13:23.276"/>
</suite>
<status status="PASS" starttime="20230105 02:13:00.616" endtime="20230105 02:13:23.280"/>
</suite>
<status status="PASS" starttime="20230105 02:13:00.569" endtime="20230105 02:13:23.285"/>
</suite>
<statistics>
<total>
<stat pass="1" fail="0" skip="0">All Tests</stat>
</total>
<tag>
</tag>
<suite>
<stat pass="1" fail="0" skip="0" id="s1" name="RobotFrameworkGalaFurniture">RobotFrameworkGalaFurniture</stat>
<stat pass="1" fail="0" skip="0" id="s1-s1" name="Rf Proje-Main">RobotFrameworkGalaFurniture.Rf Proje-Main</stat>
<stat pass="1" fail="0" skip="0" id="s1-s1-s1" name="Tests">RobotFrameworkGalaFurniture.Rf Proje-Main.Tests</stat>
<stat pass="1" fail="0" skip="0" id="s1-s1-s1-s1" name="GalaFurniture">RobotFrameworkGalaFurniture.Rf Proje-Main.Tests.GalaFurniture</stat>
</suite>
</statistics>
<errors>
</errors>
</robot>
